<?xml version="1.0" encoding="UTF-8"?>
<!-- Generated by org.testng.reporters.JUnitReportReporter -->
<testsuite skipped="0" hostname="DESKTOP-LPUGFBC" name="com.addtocartandpayment.runner.AddToCartAndPaymentRunner" tests="1" failures="0" timestamp="03 May 2020 06:12:43 GMT" time="199.243" errors="0">
  <testcase name="feature" time="199.243" classname="com.addtocartandpayment.runner.AddToCartAndPaymentRunner"/>
</testsuite> <!-- com.addtocartandpayment.runner.AddToCartAndPaymentRunner -->
