<?xml version="1.0" encoding="UTF-8"?>
<!-- Generated by org.testng.reporters.JUnitReportReporter -->
<testsuite skipped="0" hostname="DESKTOP-LPUGFBC" name="com.addtocart.runner.AddToCartRunner" tests="1" failures="0" timestamp="03 May 2020 05:53:06 GMT" time="159.465" errors="0">
  <testcase name="feature" time="159.465" classname="com.addtocart.runner.AddToCartRunner"/>
</testsuite> <!-- com.addtocart.runner.AddToCartRunner -->
