<?xml version="1.0" encoding="UTF-8"?>
<!-- Generated by org.testng.reporters.JUnitReportReporter -->
<testsuite skipped="0" hostname="DESKTOP-LPUGFBC" name="com.languagesettings.runner.LanguageSettingsRunner" tests="1" failures="0" timestamp="03 May 2020 06:08:15 GMT" time="167.033" errors="0">
  <testcase name="feature" time="167.033" classname="com.languagesettings.runner.LanguageSettingsRunner"/>
</testsuite> <!-- com.languagesettings.runner.LanguageSettingsRunner -->
